<?xml version="1.0" encoding="UTF-8"?>
<robot generator="Robot 6.0.2 (Python 3.11.3 on win32)" generated="20230521 16:11:25.565" rpa="false" schemaversion="3">
<suite id="s1" name="ListBox" source="E:\Software Testing\Python\RobotFrameWorkAutomation\TestCases\ListBox.robot">
<test id="s1-t1" name="Testing Dropdown Selection" line="10">
<kw name="Open Browser" library="SeleniumLibrary">
<arg>${url}</arg>
<arg>${browser}</arg>
<doc>Opens a new browser instance to the optional ``url``.</doc>
<msg timestamp="20230521 16:11:25.811" level="INFO">Opening browser 'chrome' to base url 'https://demoqa.com/select-menu'.</msg>
<status status="PASS" starttime="20230521 16:11:25.810" endtime="20230521 16:11:36.149"/>
</kw>
<kw name="Maximize Browser Window" library="SeleniumLibrary">
<doc>Maximizes current browser window.</doc>
<status status="PASS" starttime="20230521 16:11:36.150" endtime="20230521 16:11:36.293"/>
</kw>
<kw name="Set Selenium Speed" library="SeleniumLibrary">
<arg>1seconds</arg>
<doc>Sets the delay that is waited after each Selenium command.</doc>
<status status="PASS" starttime="20230521 16:11:36.294" endtime="20230521 16:11:36.295"/>
</kw>
<kw name="Selecting Multiple Options Dropdown">
<kw name="Select From List By Label" library="SeleniumLibrary">
<arg>Select</arg>
<arg>Blue</arg>
<doc>Selects options from selection list ``locator`` by ``labels``.</doc>
<msg timestamp="20230521 16:11:36.298" level="INFO">Selecting options from selection list 'Select' by label Blue.</msg>
<msg timestamp="20230521 16:11:38.667" level="INFO" html="true">&lt;/td&gt;&lt;/tr&gt;&lt;tr&gt;&lt;td colspan="3"&gt;&lt;a href="selenium-screenshot-21.png"&gt;&lt;img src="selenium-screenshot-21.png" width="800px"&gt;&lt;/a&gt;</msg>
<msg timestamp="20230521 16:11:38.667" level="FAIL">List with locator 'Select' not found.</msg>
<status status="FAIL" starttime="20230521 16:11:36.296" endtime="20230521 16:11:38.673"/>
</kw>
<kw name="Select From List By Label" library="SeleniumLibrary">
<arg>Select</arg>
<arg>Black</arg>
<doc>Selects options from selection list ``locator`` by ``labels``.</doc>
<status status="NOT RUN" starttime="20230521 16:11:38.673" endtime="20230521 16:11:38.673"/>
</kw>
<kw name="Unselect From List By Label" library="SeleniumLibrary">
<arg>Select</arg>
<arg>Black</arg>
<doc>Unselects options from selection list ``locator`` by ``labels``.</doc>
<status status="NOT RUN" starttime="20230521 16:11:38.673" endtime="20230521 16:11:38.673"/>
</kw>
<status status="FAIL" starttime="20230521 16:11:36.296" endtime="20230521 16:11:38.673"/>
</kw>
<kw name="Close Browser" library="SeleniumLibrary">
<doc>Closes the current browser.</doc>
<status status="NOT RUN" starttime="20230521 16:11:38.673" endtime="20230521 16:11:38.673"/>
</kw>
<status status="FAIL" starttime="20230521 16:11:25.810" endtime="20230521 16:11:38.673">List with locator 'Select' not found.</status>
</test>
<status status="FAIL" starttime="20230521 16:11:25.565" endtime="20230521 16:11:38.673"/>
</suite>
<statistics>
<total>
<stat pass="0" fail="1" skip="0">All Tests</stat>
</total>
<tag>
</tag>
<suite>
<stat pass="0" fail="1" skip="0" id="s1" name="ListBox">ListBox</stat>
</suite>
</statistics>
<errors>
</errors>
</robot>
